<?xml version="1.0" encoding="UTF-8"?>
<!-- Generated by org.testng.reporters.JUnitReportReporter -->
<testsuite hostname="LAPTOP-CU6HFHV5" failures="0" tests="27" name="project.Website" time="210.006" errors="1" timestamp="2024-12-22T13:52:09 IST" skipped="0">
  <testcase classname="project.Website" name="Regdetails" time="6.785"/>
  <system-out/>
  <testcase classname="project.Website" name="Regdetails" time="9.395"/>
  <system-out/>
  <testcase classname="project.Website" name="Regdetails" time="7.812"/>
  <system-out/>
  <testcase classname="project.Website" name="logindetails" time="14.987"/>
  <system-out/>
  <testcase classname="project.Website" name="logindetails" time="13.054"/>
  <system-out/>
  <testcase classname="project.Website" name="logindetails" time="11.543"/>
  <system-out/>
  <testcase classname="project.Website" name="Verificationdetails" time="0.099"/>
  <system-out/>
  <testcase classname="project.Website" name="Verificationdetails" time="0.049"/>
  <system-out/>
  <testcase classname="project.Website" name="Verificationdetails" time="0.083"/>
  <system-out/>
  <testcase classname="project.Website" name="productdetails" time="7.821"/>
  <system-out/>
  <testcase classname="project.Website" name="productdetails" time="8.749"/>
  <system-out/>
  <testcase classname="project.Website" name="productdetails" time="6.762"/>
  <system-out/>
  <testcase classname="project.Website" name="AddProductToCart" time="1.310"/>
  <system-out/>
  <testcase classname="project.Website" name="AddProductToCart" time="30.358">
    <error message="Expected condition failed: waiting for alert to be present (tried for 30 second(s) with 500 milliseconds interval)
Build info: version: &#039;4.25.0&#039;, revision: &#039;030fcf7918&#039;
System info: os.name: &#039;Windows 11&#039;, os.arch: &#039;amd64&#039;, os.version: &#039;10.0&#039;, java.version: &#039;21.0.3&#039;
Driver info: org.openqa.selenium.firefox.FirefoxDriver
Capabilities {acceptInsecureCerts: true, browserName: firefox, browserVersion: 133.0.3, moz:accessibilityChecks: false, moz:buildID: 20241209150345, moz:debuggerAddress: 127.0.0.1:23992, moz:geckodriverVersion: 0.35.0, moz:headless: false, moz:platformVersion: 10.0, moz:processID: 21928, moz:profile: C:\Users\anjan\AppData\Loca..., moz:shutdownTimeout: 60000, moz:webdriverClick: true, moz:windowless: false, pageLoadStrategy: normal, platformName: windows, proxy: Proxy(), se:cdp: ws://127.0.0.1:23992/devtoo..., se:cdpVersion: 85.0, setWindowRect: true, strictFileInteractability: false, timeouts: {implicit: 0, pageLoad: 300000, script: 30000}, unhandledPromptBehavior: dismiss and notify, userAgent: Mozilla/5.0 (Windows NT 10....}
Session ID: 4cd231ac-9d34-43ec-a418-4e35bfa3ca62" type="org.openqa.selenium.TimeoutException">
      <![CDATA[org.openqa.selenium.TimeoutException: Expected condition failed: waiting for alert to be present (tried for 30 second(s) with 500 milliseconds interval)
Build info: version: '4.25.0', revision: '030fcf7918'
System info: os.name: 'Windows 11', os.arch: 'amd64', os.version: '10.0', java.version: '21.0.3'
Driver info: org.openqa.selenium.firefox.FirefoxDriver
Capabilities {acceptInsecureCerts: true, browserName: firefox, browserVersion: 133.0.3, moz:accessibilityChecks: false, moz:buildID: 20241209150345, moz:debuggerAddress: 127.0.0.1:23992, moz:geckodriverVersion: 0.35.0, moz:headless: false, moz:platformVersion: 10.0, moz:processID: 21928, moz:profile: C:\Users\anjan\AppData\Loca..., moz:shutdownTimeout: 60000, moz:webdriverClick: true, moz:windowless: false, pageLoadStrategy: normal, platformName: windows, proxy: Proxy(), se:cdp: ws://127.0.0.1:23992/devtoo..., se:cdpVersion: 85.0, setWindowRect: true, strictFileInteractability: false, timeouts: {implicit: 0, pageLoad: 300000, script: 30000}, unhandledPromptBehavior: dismiss and notify, userAgent: Mozilla/5.0 (Windows NT 10....}
Session ID: 4cd231ac-9d34-43ec-a418-4e35bfa3ca62
at org.openqa.selenium.support.ui.WebDriverWait.timeoutException(WebDriverWait.java:84)
at org.openqa.selenium.support.ui.FluentWait.until(FluentWait.java:228)
at project.Website.AddProductToCart(Website.java:140)
at java.base/jdk.internal.reflect.DirectMethodHandleAccessor.invoke(DirectMethodHandleAccessor.java:103)
at java.base/java.lang.reflect.Method.invoke(Method.java:580)
at org.testng.internal.MethodInvocationHelper.invokeMethod(MethodInvocationHelper.java:133)
at org.testng.internal.TestInvoker.invokeMethod(TestInvoker.java:598)
at org.testng.internal.TestInvoker.invokeTestMethod(TestInvoker.java:173)
at org.testng.internal.MethodRunner.runInSequence(MethodRunner.java:46)
at org.testng.internal.TestInvoker$MethodInvocationAgent.invoke(TestInvoker.java:824)
at org.testng.internal.TestInvoker.invokeTestMethods(TestInvoker.java:146)
at org.testng.internal.TestMethodWorker.invokeTestMethods(TestMethodWorker.java:146)
at org.testng.internal.TestMethodWorker.run(TestMethodWorker.java:128)
at java.base/java.util.ArrayList.forEach(ArrayList.java:1596)
at org.testng.TestRunner.privateRun(TestRunner.java:794)
at org.testng.TestRunner.run(TestRunner.java:596)
at org.testng.SuiteRunner.runTest(SuiteRunner.java:377)
at org.testng.SuiteRunner.runSequentially(SuiteRunner.java:371)
at org.testng.SuiteRunner.privateRun(SuiteRunner.java:332)
at org.testng.SuiteRunner.run(SuiteRunner.java:276)
at org.testng.SuiteRunnerWorker.runSuite(SuiteRunnerWorker.java:53)
at org.testng.SuiteRunnerWorker.run(SuiteRunnerWorker.java:96)
at org.testng.TestNG.runSuitesSequentially(TestNG.java:1212)
at org.testng.TestNG.runSuitesLocally(TestNG.java:1134)
at org.testng.TestNG.runSuites(TestNG.java:1063)
at org.testng.TestNG.run(TestNG.java:1031)
at org.testng.remote.AbstractRemoteTestNG.run(AbstractRemoteTestNG.java:115)
at org.testng.remote.RemoteTestNG.initAndRun(RemoteTestNG.java:293)
at org.testng.remote.RemoteTestNG.main(RemoteTestNG.java:91)
]]>
    </error>
  </testcase> <!-- AddProductToCart -->
  <system-out/>
  <testcase classname="project.Website" name="AddProductToCart" time="0.864"/>
  <system-out/>
  <testcase classname="project.Website" name="wishlistDetails" time="3.985"/>
  <system-out/>
  <testcase classname="project.Website" name="wishlistDetails" time="3.926"/>
  <system-out/>
  <testcase classname="project.Website" name="wishlistDetails" time="4.089"/>
  <system-out/>
  <testcase classname="project.Website" name="UpdateProductQuantity" time="3.720"/>
  <system-out/>
  <testcase classname="project.Website" name="UpdateProductQuantity" time="32.344"/>
  <system-out/>
  <testcase classname="project.Website" name="UpdateProductQuantity" time="3.599"/>
  <system-out/>
  <testcase classname="project.Website" name="removeCartItem" time="0.292"/>
  <system-out/>
  <testcase classname="project.Website" name="removeCartItem" time="30.153"/>
  <system-out/>
  <testcase classname="project.Website" name="removeCartItem" time="0.308"/>
  <system-out/>
  <testcase classname="project.Website" name="searchDetails" time="4.085"/>
  <system-out/>
  <testcase classname="project.Website" name="searchDetails" time="3.660"/>
  <system-out/>
  <testcase classname="project.Website" name="searchDetails" time="0.174"/>
  <system-out/>
</testsuite> <!-- project.Website -->
